build/outputs/logs/manifest-merger-release-report.txt
-- Merging decision tree log ---
manifest
ADDED from cjwsjyM\AndroidManifest.xml:2:1-516:12
INJECTED from cjwsjyM\AndroidManifest.xml:2:1-516:12
INJECTED from cjwsjyM\AndroidManifest.xml:2:1-516:12
INJECTED from cjwsjyM\AndroidManifest.xml:2:1-516:12
MERGED from [:library] AndroidManifest.xml:2:1-11:12
MERGED from [com.android.support:design:24.2.1] AndroidManifest.xml:17:1-24:12
MERGED from [com.android.support:appcompat-v7:24.2.1] AndroidManifest.xml:17:1-27:12
MERGED from [com.android.support:support-v4:24.2.1] AndroidManifest.xml:17:1-27:12
MERGED from [com.android.support:recyclerview-v7:24.2.1] AndroidManifest.xml:17:1-22:12
MERGED from [com.android.support:support-fragment:24.2.1] AndroidManifest.xml:17:1-27:12
MERGED from [com.android.support:support-media-compat:24.2.1] AndroidManifest.xml:17:1-27:12
MERGED from [com.android.support:support-core-utils:24.2.1] AndroidManifest.xml:17:1-27:12
MERGED from [com.android.support:support-core-ui:24.2.1] AndroidManifest.xml:17:1-27:12
MERGED from [com.android.support:animated-vector-drawable:24.2.1] AndroidManifest.xml:17:1-24:12
MERGED from [com.android.support:support-vector-drawable:24.2.1] AndroidManifest.xml:17:1-25:12
MERGED from [com.android.support:support-compat:24.2.1] AndroidManifest.xml:17:1-27:12
INJECTED from cjwsjyM\AndroidManifest.xml:2:1-516:12
INJECTED from cjwsjyM\AndroidManifest.xml:2:1-516:12
INJECTED from cjwsjyM\AndroidManifest.xml:2:1-516:12
	package
		ADDED from cjwsjyM\AndroidManifest.xml:3:5-29
		INJECTED from cjwsjyM\AndroidManifest.xml
		INJECTED from cjwsjyM\AndroidManifest.xml
	android:versionName
		ADDED from cjwsjyM\AndroidManifest.xml:5:5-32
		INJECTED from cjwsjyM\AndroidManifest.xml
		INJECTED from cjwsjyM\AndroidManifest.xml
	xmlns:android
		ADDED from cjwsjyM\AndroidManifest.xml:2:11-69
	android:versionCode
		ADDED from cjwsjyM\AndroidManifest.xml:4:5-28
		INJECTED from cjwsjyM\AndroidManifest.xml
		INJECTED from cjwsjyM\AndroidManifest.xml
uses-sdk
ADDED from cjwsjyM\AndroidManifest.xml:7:5-9:41
INJECTED from cjwsjyM\AndroidManifest.xml:7:5-9:41
INJECTED from cjwsjyM\AndroidManifest.xml:7:5-9:41
MERGED from [:library] AndroidManifest.xml:7:5-43
MERGED from [:library] AndroidManifest.xml:7:5-43
MERGED from [com.android.support:design:24.2.1] AndroidManifest.xml:20:5-43
MERGED from [com.android.support:design:24.2.1] AndroidManifest.xml:20:5-43
MERGED from [com.android.support:appcompat-v7:24.2.1] AndroidManifest.xml:21:5-23:78
MERGED from [com.android.support:appcompat-v7:24.2.1] AndroidManifest.xml:21:5-23:78
MERGED from [com.android.support:support-v4:24.2.1] AndroidManifest.xml:21:5-23:54
MERGED from [com.android.support:support-v4:24.2.1] AndroidManifest.xml:21:5-23:54
MERGED from [com.android.support:recyclerview-v7:24.2.1] AndroidManifest.xml:20:5-43
MERGED from [com.android.support:recyclerview-v7:24.2.1] AndroidManifest.xml:20:5-43
MERGED from [com.android.support:support-fragment:24.2.1] AndroidManifest.xml:21:5-23:60
MERGED from [com.android.support:support-fragment:24.2.1] AndroidManifest.xml:21:5-23:60
MERGED from [com.android.support:support-media-compat:24.2.1] AndroidManifest.xml:21:5-23:63
MERGED from [com.android.support:support-media-compat:24.2.1] AndroidManifest.xml:21:5-23:63
MERGED from [com.android.support:support-core-utils:24.2.1] AndroidManifest.xml:21:5-23:61
MERGED from [com.android.support:support-core-utils:24.2.1] AndroidManifest.xml:21:5-23:61
MERGED from [com.android.support:support-core-ui:24.2.1] AndroidManifest.xml:21:5-23:58
MERGED from [com.android.support:support-core-ui:24.2.1] AndroidManifest.xml:21:5-23:58
MERGED from [com.android.support:animated-vector-drawable:24.2.1] AndroidManifest.xml:20:5-44
MERGED from [com.android.support:animated-vector-drawable:24.2.1] AndroidManifest.xml:20:5-44
MERGED from [com.android.support:support-vector-drawable:24.2.1] AndroidManifest.xml:21:5-43
MERGED from [com.android.support:support-vector-drawable:24.2.1] AndroidManifest.xml:21:5-43
MERGED from [com.android.support:support-compat:24.2.1] AndroidManifest.xml:21:5-23:58
MERGED from [com.android.support:support-compat:24.2.1] AndroidManifest.xml:21:5-23:58
INJECTED from cjwsjyM\AndroidManifest.xml:7:5-9:41
INJECTED from cjwsjyM\AndroidManifest.xml:7:5-9:41
	tools:overrideLibrary
		ADDED from [com.android.support:appcompat-v7:24.2.1] AndroidManifest.xml:23:9-75
	android:targetSdkVersion
		ADDED from cjwsjyM\AndroidManifest.xml:9:9-38
		INJECTED from cjwsjyM\AndroidManifest.xml
		INJECTED from cjwsjyM\AndroidManifest.xml
	android:minSdkVersion
		ADDED from cjwsjyM\AndroidManifest.xml:8:9-35
		INJECTED from cjwsjyM\AndroidManifest.xml
		INJECTED from cjwsjyM\AndroidManifest.xml
uses-permission#android.permission.INTERNET
ADDED from cjwsjyM\AndroidManifest.xml:12:5-67
	android:name
		ADDED from cjwsjyM\AndroidManifest.xml:12:22-64
uses-permission#android.permission.CALL_PHONE
ADDED from cjwsjyM\AndroidManifest.xml:14:5-69
	android:name
		ADDED from cjwsjyM\AndroidManifest.xml:14:22-66
uses-permission#android.permission.PROCESS_OUTGOING_CALLS
ADDED from cjwsjyM\AndroidManifest.xml:16:5-80
	android:name
		ADDED from cjwsjyM\AndroidManifest.xml:16:22-78
uses-permission#android.permission.SEND_SMS
ADDED from cjwsjyM\AndroidManifest.xml:18:5-67
	android:name
		ADDED from cjwsjyM\AndroidManifest.xml:18:22-64
uses-permission#android.permission.WRITE_CONTACTS
ADDED from cjwsjyM\AndroidManifest.xml:20:5-73
	android:name
		ADDED from cjwsjyM\AndroidManifest.xml:20:22-70
uses-permission#android.permission.READ_PHONE_STATE
ADDED from cjwsjyM\AndroidManifest.xml:21:5-74
	android:name
		ADDED from cjwsjyM\AndroidManifest.xml:21:22-72
uses-permission#android.permission.READ_CONTACTS
ADDED from cjwsjyM\AndroidManifest.xml:23:5-88
	android:name
		ADDED from cjwsjyM\AndroidManifest.xml:23:22-69
uses-permission#android.permission.WRITE_EXTERNAL_STORAGE
ADDED from cjwsjyM\AndroidManifest.xml:25:2-77
	android:name
		ADDED from cjwsjyM\AndroidManifest.xml:25:19-75
uses-permission#android.permission.READ_EXTERNAL_STORAGE
ADDED from cjwsjyM\AndroidManifest.xml:26:2-77
	android:name
		ADDED from cjwsjyM\AndroidManifest.xml:26:19-74
uses-permission#android.permission.CAMERA
ADDED from cjwsjyM\AndroidManifest.xml:28:2-62
	android:name
		ADDED from cjwsjyM\AndroidManifest.xml:28:19-59
uses-feature#android.hardware.sensor.accelerometer
ADDED from cjwsjyM\AndroidManifest.xml:30:5-74
	android:name
		ADDED from cjwsjyM\AndroidManifest.xml:30:19-71
uses-permission#android.permission.USE_FINGERPRINT
ADDED from cjwsjyM\AndroidManifest.xml:32:5-73
	android:name
		ADDED from cjwsjyM\AndroidManifest.xml:32:22-71
uses-permission#android.permission.WAKE_LOCK
ADDED from cjwsjyM\AndroidManifest.xml:35:5-68
	android:name
		ADDED from cjwsjyM\AndroidManifest.xml:35:22-65
uses-permission#android.permission.VIBRATE
ADDED from cjwsjyM\AndroidManifest.xml:36:5-65
	android:name
		ADDED from cjwsjyM\AndroidManifest.xml:36:22-63
uses-permission#android.permission.RECEIVE_BOOT_COMPLETED
ADDED from cjwsjyM\AndroidManifest.xml:37:5-80
	android:name
		ADDED from cjwsjyM\AndroidManifest.xml:37:22-78
uses-permission#android.permission.ACCESS_COARSE_LOCATION
ADDED from cjwsjyM\AndroidManifest.xml:43:5-97
	android:name
		ADDED from cjwsjyM\AndroidManifest.xml:43:22-78
uses-permission#android.permission.ACCESS_FINE_LOCATION
ADDED from cjwsjyM\AndroidManifest.xml:45:5-95
	android:name
		ADDED from cjwsjyM\AndroidManifest.xml:45:22-76
uses-permission#android.permission.ACCESS_NETWORK_STATE
ADDED from cjwsjyM\AndroidManifest.xml:47:5-95
	android:name
		ADDED from cjwsjyM\AndroidManifest.xml:47:22-76
uses-permission#android.permission.ACCESS_WIFI_STATE
ADDED from cjwsjyM\AndroidManifest.xml:49:5-92
	android:name
		ADDED from cjwsjyM\AndroidManifest.xml:49:22-73
uses-permission#android.permission.CHANGE_WIFI_STATE
ADDED from cjwsjyM\AndroidManifest.xml:51:5-92
	android:name
		ADDED from cjwsjyM\AndroidManifest.xml:51:22-73
application
ADDED from cjwsjyM\AndroidManifest.xml:59:1-514:19
MERGED from [:library] AndroidManifest.xml:9:5-20
MERGED from [:library] AndroidManifest.xml:9:5-20
MERGED from [com.android.support:design:24.2.1] AndroidManifest.xml:22:5-20
MERGED from [com.android.support:design:24.2.1] AndroidManifest.xml:22:5-20
MERGED from [com.android.support:appcompat-v7:24.2.1] AndroidManifest.xml:25:5-20
MERGED from [com.android.support:appcompat-v7:24.2.1] AndroidManifest.xml:25:5-20
MERGED from [com.android.support:support-v4:24.2.1] AndroidManifest.xml:25:5-20
MERGED from [com.android.support:support-v4:24.2.1] AndroidManifest.xml:25:5-20
MERGED from [com.android.support:support-fragment:24.2.1] AndroidManifest.xml:25:5-20
MERGED from [com.android.support:support-fragment:24.2.1] AndroidManifest.xml:25:5-20
MERGED from [com.android.support:support-media-compat:24.2.1] AndroidManifest.xml:25:5-20
MERGED from [com.android.support:support-media-compat:24.2.1] AndroidManifest.xml:25:5-20
MERGED from [com.android.support:support-core-utils:24.2.1] AndroidManifest.xml:25:5-20
MERGED from [com.android.support:support-core-utils:24.2.1] AndroidManifest.xml:25:5-20
MERGED from [com.android.support:support-core-ui:24.2.1] AndroidManifest.xml:25:5-20
MERGED from [com.android.support:support-core-ui:24.2.1] AndroidManifest.xml:25:5-20
MERGED from [com.android.support:animated-vector-drawable:24.2.1] AndroidManifest.xml:22:5-20
MERGED from [com.android.support:animated-vector-drawable:24.2.1] AndroidManifest.xml:22:5-20
MERGED from [com.android.support:support-vector-drawable:24.2.1] AndroidManifest.xml:23:5-20
MERGED from [com.android.support:support-vector-drawable:24.2.1] AndroidManifest.xml:23:5-20
MERGED from [com.android.support:support-compat:24.2.1] AndroidManifest.xml:25:5-20
MERGED from [com.android.support:support-compat:24.2.1] AndroidManifest.xml:25:5-20
	android:label
		ADDED from cjwsjyM\AndroidManifest.xml:64:9-41
	android:launchMode
		ADDED from cjwsjyM\AndroidManifest.xml:65:9-39
	android:largeHeap
		ADDED from cjwsjyM\AndroidManifest.xml:61:9-33
	android:icon
		ADDED from cjwsjyM\AndroidManifest.xml:63:9-47
	android:allowBackup
		ADDED from cjwsjyM\AndroidManifest.xml:62:9-35
	android:theme
		ADDED from cjwsjyM\AndroidManifest.xml:66:9-40
	android:name
		ADDED from cjwsjyM\AndroidManifest.xml:60:9-52
meta-data#UMENG_APPKEY
ADDED from cjwsjyM\AndroidManifest.xml:68:5-71:17
	android:value
		ADDED from cjwsjyM\AndroidManifest.xml:70:9-49
	android:name
		ADDED from cjwsjyM\AndroidManifest.xml:69:9-36
meta-data#UMENG_MESSAGE_SECRET
ADDED from cjwsjyM\AndroidManifest.xml:72:5-75:17
	android:value
		ADDED from cjwsjyM\AndroidManifest.xml:74:9-57
	android:name
		ADDED from cjwsjyM\AndroidManifest.xml:73:9-44
meta-data#com.amap.api.v2.apikey
ADDED from cjwsjyM\AndroidManifest.xml:78:5-80:63
	android:value
		ADDED from cjwsjyM\AndroidManifest.xml:80:13-61
	android:name
		ADDED from cjwsjyM\AndroidManifest.xml:79:13-50
service#com.amap.api.location.APSService
ADDED from cjwsjyM\AndroidManifest.xml:83:9-76
	android:name
		ADDED from cjwsjyM\AndroidManifest.xml:83:18-65
activity#com.cjwsjy.app.AppStart
ADDED from cjwsjyM\AndroidManifest.xml:84:9-94:20
	android:label
		ADDED from cjwsjyM\AndroidManifest.xml:87:13-45
	android:launchMode
		ADDED from cjwsjyM\AndroidManifest.xml:86:13-44
	android:theme
		ADDED from cjwsjyM\AndroidManifest.xml:88:13-60
	android:name
		ADDED from cjwsjyM\AndroidManifest.xml:85:13-37
intent-filter#android.intent.action.MAIN+android.intent.category.LAUNCHER
ADDED from cjwsjyM\AndroidManifest.xml:89:13-93:29
action#android.intent.action.MAIN
ADDED from cjwsjyM\AndroidManifest.xml:90:17-69
	android:name
		ADDED from cjwsjyM\AndroidManifest.xml:90:25-66
category#android.intent.category.LAUNCHER
ADDED from cjwsjyM\AndroidManifest.xml:92:17-77
	android:name
		ADDED from cjwsjyM\AndroidManifest.xml:92:27-74
activity#com.cjwsjy.app.ActivityLogin
ADDED from cjwsjyM\AndroidManifest.xml:121:9-127:59
	android:screenOrientation
		ADDED from cjwsjyM\AndroidManifest.xml:125:13-49
	android:label
		ADDED from cjwsjyM\AndroidManifest.xml:126:13-45
	android:launchMode
		ADDED from cjwsjyM\AndroidManifest.xml:123:13-44
	android:windowSoftInputMode
		ADDED from cjwsjyM\AndroidManifest.xml:124:13-52
	android:theme
		ADDED from cjwsjyM\AndroidManifest.xml:127:13-57
	android:name
		ADDED from cjwsjyM\AndroidManifest.xml:122:13-42
activity#com.cjwsjy.app.ActivityLogin2
ADDED from cjwsjyM\AndroidManifest.xml:129:9-135:60
	android:screenOrientation
		ADDED from cjwsjyM\AndroidManifest.xml:133:13-49
	android:label
		ADDED from cjwsjyM\AndroidManifest.xml:134:13-45
	android:launchMode
		ADDED from cjwsjyM\AndroidManifest.xml:131:13-44
	android:windowSoftInputMode
		ADDED from cjwsjyM\AndroidManifest.xml:132:13-52
	android:theme
		ADDED from cjwsjyM\AndroidManifest.xml:135:13-57
	android:name
		ADDED from cjwsjyM\AndroidManifest.xml:130:13-43
activity#com.cjwsjy.app.main.MainActivity
ADDED from cjwsjyM\AndroidManifest.xml:137:9-141:58
	android:screenOrientation
		ADDED from cjwsjyM\AndroidManifest.xml:140:13-49
	android:launchMode
		ADDED from cjwsjyM\AndroidManifest.xml:139:13-44
	android:theme
		ADDED from cjwsjyM\AndroidManifest.xml:141:13-56
	android:name
		ADDED from cjwsjyM\AndroidManifest.xml:138:13-46
activity#com.cjwsjy.app.homeFragment.ActivityXinwen
ADDED from cjwsjyM\AndroidManifest.xml:144:9-148:53
	android:screenOrientation
		ADDED from cjwsjyM\AndroidManifest.xml:147:13-49
	android:launchMode
		ADDED from cjwsjyM\AndroidManifest.xml:146:13-44
	android:theme
		ADDED from cjwsjyM\AndroidManifest.xml:148:13-51
	android:name
		ADDED from cjwsjyM\AndroidManifest.xml:145:13-56
activity#com.cjwsjy.app.homeFragment.ActivityXiangmu
ADDED from cjwsjyM\AndroidManifest.xml:150:10-154:53
	android:screenOrientation
		ADDED from cjwsjyM\AndroidManifest.xml:153:13-49
	android:launchMode
		ADDED from cjwsjyM\AndroidManifest.xml:152:13-44
	android:theme
		ADDED from cjwsjyM\AndroidManifest.xml:154:13-51
	android:name
		ADDED from cjwsjyM\AndroidManifest.xml:151:13-57
activity#com.cjwsjy.app.homeFragment.ActivityGongwen
ADDED from cjwsjyM\AndroidManifest.xml:156:10-160:53
	android:screenOrientation
		ADDED from cjwsjyM\AndroidManifest.xml:159:13-49
	android:launchMode
		ADDED from cjwsjyM\AndroidManifest.xml:158:13-44
	android:theme
		ADDED from cjwsjyM\AndroidManifest.xml:160:13-51
	android:name
		ADDED from cjwsjyM\AndroidManifest.xml:157:13-57
activity#com.cjwsjy.app.homeFragment.ActivityYinzhang
ADDED from cjwsjyM\AndroidManifest.xml:162:10-166:54
	android:screenOrientation
		ADDED from cjwsjyM\AndroidManifest.xml:165:14-50
	android:launchMode
		ADDED from cjwsjyM\AndroidManifest.xml:164:14-45
	android:theme
		ADDED from cjwsjyM\AndroidManifest.xml:166:14-52
	android:name
		ADDED from cjwsjyM\AndroidManifest.xml:163:14-59
activity#com.cjwsjy.app.homeFragment.ActivityBaoxiao
ADDED from cjwsjyM\AndroidManifest.xml:168:9-172:53
	android:screenOrientation
		ADDED from cjwsjyM\AndroidManifest.xml:171:13-49
	android:launchMode
		ADDED from cjwsjyM\AndroidManifest.xml:170:13-44
	android:theme
		ADDED from cjwsjyM\AndroidManifest.xml:172:13-51
	android:name
		ADDED from cjwsjyM\AndroidManifest.xml:169:13-57
activity#com.cjwsjy.app.homeFragment.ActivityHuiyi
ADDED from cjwsjyM\AndroidManifest.xml:174:9-178:53
	android:screenOrientation
		ADDED from cjwsjyM\AndroidManifest.xml:177:13-49
	android:launchMode
		ADDED from cjwsjyM\AndroidManifest.xml:176:13-44
	android:theme
		ADDED from cjwsjyM\AndroidManifest.xml:178:13-51
	android:name
		ADDED from cjwsjyM\AndroidManifest.xml:175:13-55
activity#com.cjwsjy.app.homeFragment.ActivityLixian
ADDED from cjwsjyM\AndroidManifest.xml:180:9-184:53
	android:screenOrientation
		ADDED from cjwsjyM\AndroidManifest.xml:183:13-49
	android:launchMode
		ADDED from cjwsjyM\AndroidManifest.xml:182:13-44
	android:theme
		ADDED from cjwsjyM\AndroidManifest.xml:184:13-51
	android:name
		ADDED from cjwsjyM\AndroidManifest.xml:181:13-56
activity#com.cjwsjy.app.webview.WebViewHome2$ActivityListLixian
ADDED from cjwsjyM\AndroidManifest.xml:186:9-190:53
	android:screenOrientation
		ADDED from cjwsjyM\AndroidManifest.xml:189:13-49
	android:launchMode
		ADDED from cjwsjyM\AndroidManifest.xml:188:13-44
	android:theme
		ADDED from cjwsjyM\AndroidManifest.xml:190:13-51
	android:name
		ADDED from cjwsjyM\AndroidManifest.xml:187:13-68
activity#com.cjwsjy.app.homeFragment.ActivityBiaozhun
ADDED from cjwsjyM\AndroidManifest.xml:192:9-196:53
	android:screenOrientation
		ADDED from cjwsjyM\AndroidManifest.xml:195:13-49
	android:launchMode
		ADDED from cjwsjyM\AndroidManifest.xml:194:13-44
	android:theme
		ADDED from cjwsjyM\AndroidManifest.xml:196:13-51
	android:name
		ADDED from cjwsjyM\AndroidManifest.xml:193:13-58
activity#com.cjwsjy.app.homeFragment.ActivityYewu
ADDED from cjwsjyM\AndroidManifest.xml:198:9-202:53
	android:screenOrientation
		ADDED from cjwsjyM\AndroidManifest.xml:201:13-49
	android:launchMode
		ADDED from cjwsjyM\AndroidManifest.xml:200:13-44
	android:theme
		ADDED from cjwsjyM\AndroidManifest.xml:202:13-51
	android:name
		ADDED from cjwsjyM\AndroidManifest.xml:199:13-54
activity#com.cjwsjy.app.homeFragment.ActivityDangan1
ADDED from cjwsjyM\AndroidManifest.xml:204:5-208:49
	android:screenOrientation
		ADDED from cjwsjyM\AndroidManifest.xml:207:9-45
	android:launchMode
		ADDED from cjwsjyM\AndroidManifest.xml:206:9-40
	android:theme
		ADDED from cjwsjyM\AndroidManifest.xml:208:9-47
	android:name
		ADDED from cjwsjyM\AndroidManifest.xml:205:9-53
activity#com.cjwsjy.app.homeFragment.ActivityDangan2
ADDED from cjwsjyM\AndroidManifest.xml:210:5-214:49
	android:screenOrientation
		ADDED from cjwsjyM\AndroidManifest.xml:213:9-45
	android:launchMode
		ADDED from cjwsjyM\AndroidManifest.xml:212:9-40
	android:theme
		ADDED from cjwsjyM\AndroidManifest.xml:214:9-47
	android:name
		ADDED from cjwsjyM\AndroidManifest.xml:211:9-53
activity#com.cjwsjy.app.homeFragment.ActivityZhibo
ADDED from cjwsjyM\AndroidManifest.xml:216:5-220:49
	android:screenOrientation
		ADDED from cjwsjyM\AndroidManifest.xml:219:9-45
	android:launchMode
		ADDED from cjwsjyM\AndroidManifest.xml:218:9-40
	android:theme
		ADDED from cjwsjyM\AndroidManifest.xml:220:9-47
	android:name
		ADDED from cjwsjyM\AndroidManifest.xml:217:9-51
activity#com.cjwsjy.app.wholeally.activity.QyDeviceActivity
ADDED from cjwsjyM\AndroidManifest.xml:223:5-227:49
	android:screenOrientation
		ADDED from cjwsjyM\AndroidManifest.xml:226:9-45
	android:launchMode
		ADDED from cjwsjyM\AndroidManifest.xml:225:9-40
	android:theme
		ADDED from cjwsjyM\AndroidManifest.xml:227:9-47
	android:name
		ADDED from cjwsjyM\AndroidManifest.xml:224:9-60
activity#com.cjwsjy.app.wholeally.activity.QyVideoControlActivity
ADDED from cjwsjyM\AndroidManifest.xml:229:5-233:49
	android:screenOrientation
		ADDED from cjwsjyM\AndroidManifest.xml:232:9-45
	android:launchMode
		ADDED from cjwsjyM\AndroidManifest.xml:231:9-40
	android:theme
		ADDED from cjwsjyM\AndroidManifest.xml:233:9-47
	android:name
		ADDED from cjwsjyM\AndroidManifest.xml:230:9-66
activity#com.cjwsjy.app.wholeally.activity.QyVideoControlActivity2
ADDED from cjwsjyM\AndroidManifest.xml:235:5-239:49
	android:screenOrientation
		ADDED from cjwsjyM\AndroidManifest.xml:238:9-46
	android:launchMode
		ADDED from cjwsjyM\AndroidManifest.xml:237:9-40
	android:theme
		ADDED from cjwsjyM\AndroidManifest.xml:239:9-47
	android:name
		ADDED from cjwsjyM\AndroidManifest.xml:236:9-67
activity#com.cjwsjy.app.wholeally.activity.QyPlayBackActivity
ADDED from cjwsjyM\AndroidManifest.xml:241:5-245:49
	android:screenOrientation
		ADDED from cjwsjyM\AndroidManifest.xml:244:9-45
	android:launchMode
		ADDED from cjwsjyM\AndroidManifest.xml:243:9-40
	android:theme
		ADDED from cjwsjyM\AndroidManifest.xml:245:9-47
	android:name
		ADDED from cjwsjyM\AndroidManifest.xml:242:9-62
activity#com.cjwsjy.app.news.ActivityNews
ADDED from cjwsjyM\AndroidManifest.xml:248:9-251:53
	android:screenOrientation
		ADDED from cjwsjyM\AndroidManifest.xml:250:13-49
	android:theme
		ADDED from cjwsjyM\AndroidManifest.xml:251:13-51
	android:name
		ADDED from cjwsjyM\AndroidManifest.xml:249:13-46
activity#com.cjwsjy.app.news.ActivityNewsSearch
ADDED from cjwsjyM\AndroidManifest.xml:253:9-256:54
	android:screenOrientation
		ADDED from cjwsjyM\AndroidManifest.xml:255:13-49
	android:theme
		ADDED from cjwsjyM\AndroidManifest.xml:256:13-51
	android:name
		ADDED from cjwsjyM\AndroidManifest.xml:254:13-52
activity#com.cjwsjy.app.outoffice.OutOfficeActivity
ADDED from cjwsjyM\AndroidManifest.xml:260:9-263:53
	android:screenOrientation
		ADDED from cjwsjyM\AndroidManifest.xml:262:13-49
	android:theme
		ADDED from cjwsjyM\AndroidManifest.xml:263:13-51
	android:name
		ADDED from cjwsjyM\AndroidManifest.xml:261:13-56
activity#com.cjwsjy.app.outoffice.RegisterActivity
ADDED from cjwsjyM\AndroidManifest.xml:264:3-267:62
	android:screenOrientation
		ADDED from cjwsjyM\AndroidManifest.xml:266:13-49
	android:theme
		ADDED from cjwsjyM\AndroidManifest.xml:267:13-60
	android:name
		ADDED from cjwsjyM\AndroidManifest.xml:265:13-55
activity#com.cjwsjy.app.outoffice.OutOfficeListActivity
ADDED from cjwsjyM\AndroidManifest.xml:268:3-271:62
	android:screenOrientation
		ADDED from cjwsjyM\AndroidManifest.xml:270:13-49
	android:theme
		ADDED from cjwsjyM\AndroidManifest.xml:271:13-60
	android:name
		ADDED from cjwsjyM\AndroidManifest.xml:269:13-60
activity#com.cjwsjy.app.webview.WebViewHome
ADDED from cjwsjyM\AndroidManifest.xml:274:3-277:53
	android:screenOrientation
		ADDED from cjwsjyM\AndroidManifest.xml:276:13-49
	android:theme
		ADDED from cjwsjyM\AndroidManifest.xml:277:13-51
	android:name
		ADDED from cjwsjyM\AndroidManifest.xml:275:13-48
activity#com.cjwsjy.app.webview.WebViewHome2
ADDED from cjwsjyM\AndroidManifest.xml:279:3-282:72
	android:screenOrientation
		ADDED from cjwsjyM\AndroidManifest.xml:281:13-49
	android:theme
		ADDED from cjwsjyM\AndroidManifest.xml:282:13-70
	android:name
		ADDED from cjwsjyM\AndroidManifest.xml:280:13-49
activity#com.cjwsjy.app.webview.WebViewHome3
ADDED from cjwsjyM\AndroidManifest.xml:284:9-287:72
	android:screenOrientation
		ADDED from cjwsjyM\AndroidManifest.xml:286:13-49
	android:theme
		ADDED from cjwsjyM\AndroidManifest.xml:287:13-70
	android:name
		ADDED from cjwsjyM\AndroidManifest.xml:285:13-49
activity#com.cjwsjy.app.webview.WebViewscan
ADDED from cjwsjyM\AndroidManifest.xml:289:3-292:53
	android:screenOrientation
		ADDED from cjwsjyM\AndroidManifest.xml:291:13-49
	android:theme
		ADDED from cjwsjyM\AndroidManifest.xml:292:13-51
	android:name
		ADDED from cjwsjyM\AndroidManifest.xml:290:13-48
activity#com.cjwsjy.app.webview.WebViewBQ
ADDED from cjwsjyM\AndroidManifest.xml:294:9-297:72
	android:screenOrientation
		ADDED from cjwsjyM\AndroidManifest.xml:296:13-49
	android:theme
		ADDED from cjwsjyM\AndroidManifest.xml:297:13-70
	android:name
		ADDED from cjwsjyM\AndroidManifest.xml:295:13-46
activity#com.cjwsjy.app.webview.WebViewCanteen
ADDED from cjwsjyM\AndroidManifest.xml:299:9-302:53
	android:screenOrientation
		ADDED from cjwsjyM\AndroidManifest.xml:301:13-49
	android:theme
		ADDED from cjwsjyM\AndroidManifest.xml:302:13-51
	android:name
		ADDED from cjwsjyM\AndroidManifest.xml:300:13-51
activity#com.cjwsjy.app.webview.WebViewBiaoZhun
ADDED from cjwsjyM\AndroidManifest.xml:304:9-307:53
	android:screenOrientation
		ADDED from cjwsjyM\AndroidManifest.xml:306:13-49
	android:theme
		ADDED from cjwsjyM\AndroidManifest.xml:307:13-51
	android:name
		ADDED from cjwsjyM\AndroidManifest.xml:305:13-52
activity#com.cjwsjy.app.pedding.PeddingActivity
ADDED from cjwsjyM\AndroidManifest.xml:310:6-313:53
	android:screenOrientation
		ADDED from cjwsjyM\AndroidManifest.xml:312:13-49
	android:theme
		ADDED from cjwsjyM\AndroidManifest.xml:313:13-51
	android:name
		ADDED from cjwsjyM\AndroidManifest.xml:311:13-52
activity#com.cjwsjy.app.pedding.FinishPeddingListActivity
ADDED from cjwsjyM\AndroidManifest.xml:315:6-318:62
	android:screenOrientation
		ADDED from cjwsjyM\AndroidManifest.xml:317:13-49
	android:theme
		ADDED from cjwsjyM\AndroidManifest.xml:318:13-60
	android:name
		ADDED from cjwsjyM\AndroidManifest.xml:316:13-62
activity#com.cjwsjy.app.pedding.UnFinishPeddingListActivity
ADDED from cjwsjyM\AndroidManifest.xml:320:6-323:62
	android:screenOrientation
		ADDED from cjwsjyM\AndroidManifest.xml:322:13-49
	android:theme
		ADDED from cjwsjyM\AndroidManifest.xml:323:13-60
	android:name
		ADDED from cjwsjyM\AndroidManifest.xml:321:13-64
activity#com.cjwsjy.app.pedding.PeddingFrameActivity
ADDED from cjwsjyM\AndroidManifest.xml:324:6-327:62
	android:screenOrientation
		ADDED from cjwsjyM\AndroidManifest.xml:326:13-49
	android:theme
		ADDED from cjwsjyM\AndroidManifest.xml:327:13-60
	android:name
		ADDED from cjwsjyM\AndroidManifest.xml:325:13-57
activity#com.cjwsjy.app.meeting.ActivityMeeting
ADDED from cjwsjyM\AndroidManifest.xml:330:3-333:53
	android:screenOrientation
		ADDED from cjwsjyM\AndroidManifest.xml:332:13-49
	android:theme
		ADDED from cjwsjyM\AndroidManifest.xml:333:13-51
	android:name
		ADDED from cjwsjyM\AndroidManifest.xml:331:13-52
activity#com.cjwsjy.app.meeting.ActivityMeetingdetail1
ADDED from cjwsjyM\AndroidManifest.xml:334:3-337:62
	android:screenOrientation
		ADDED from cjwsjyM\AndroidManifest.xml:336:13-49
	android:theme
		ADDED from cjwsjyM\AndroidManifest.xml:337:13-60
	android:name
		ADDED from cjwsjyM\AndroidManifest.xml:335:13-59
activity#com.cjwsjy.app.meeting.ActivityMeetingdetail2
ADDED from cjwsjyM\AndroidManifest.xml:338:3-341:62
	android:screenOrientation
		ADDED from cjwsjyM\AndroidManifest.xml:340:13-49
	android:theme
		ADDED from cjwsjyM\AndroidManifest.xml:341:13-60
	android:name
		ADDED from cjwsjyM\AndroidManifest.xml:339:13-59
activity#com.cjwsjy.app.meeting.ActivityMeetingziliao
ADDED from cjwsjyM\AndroidManifest.xml:342:3-345:53
	android:screenOrientation
		ADDED from cjwsjyM\AndroidManifest.xml:344:13-49
	android:theme
		ADDED from cjwsjyM\AndroidManifest.xml:345:13-51
	android:name
		ADDED from cjwsjyM\AndroidManifest.xml:343:13-58
activity#com.cjwsjy.app.meeting.ActivityMeetingVoteItem
ADDED from cjwsjyM\AndroidManifest.xml:346:3-349:53
	android:screenOrientation
		ADDED from cjwsjyM\AndroidManifest.xml:348:13-49
	android:theme
		ADDED from cjwsjyM\AndroidManifest.xml:349:13-51
	android:name
		ADDED from cjwsjyM\AndroidManifest.xml:347:13-60
activity#com.cjwsjy.app.scanning.CaptureActivity
ADDED from cjwsjyM\AndroidManifest.xml:352:6-357:53
	android:screenOrientation
		ADDED from cjwsjyM\AndroidManifest.xml:355:13-49
	android:windowSoftInputMode
		ADDED from cjwsjyM\AndroidManifest.xml:356:13-60
	android:configChanges
		ADDED from cjwsjyM\AndroidManifest.xml:354:13-63
	android:theme
		ADDED from cjwsjyM\AndroidManifest.xml:357:13-51
	android:name
		ADDED from cjwsjyM\AndroidManifest.xml:353:13-53
activity#com.cjwsjy.app.pedometer.ActivityPedometer
ADDED from cjwsjyM\AndroidManifest.xml:360:5-365:58
	android:screenOrientation
		ADDED from cjwsjyM\AndroidManifest.xml:363:9-45
	android:windowSoftInputMode
		ADDED from cjwsjyM\AndroidManifest.xml:364:9-56
	android:configChanges
		ADDED from cjwsjyM\AndroidManifest.xml:362:9-59
	android:theme
		ADDED from cjwsjyM\AndroidManifest.xml:365:9-56
	android:name
		ADDED from cjwsjyM\AndroidManifest.xml:361:9-52
activity#com.cjwsjy.app.pedometer.ActivityPedometer2
ADDED from cjwsjyM\AndroidManifest.xml:367:5-372:58
	android:screenOrientation
		ADDED from cjwsjyM\AndroidManifest.xml:370:9-45
	android:windowSoftInputMode
		ADDED from cjwsjyM\AndroidManifest.xml:371:9-56
	android:configChanges
		ADDED from cjwsjyM\AndroidManifest.xml:369:9-59
	android:theme
		ADDED from cjwsjyM\AndroidManifest.xml:372:9-56
	android:name
		ADDED from cjwsjyM\AndroidManifest.xml:368:9-53
activity#com.cjwsjy.app.webview.Activity_BQ
ADDED from cjwsjyM\AndroidManifest.xml:375:5-379:75
	android:screenOrientation
		ADDED from cjwsjyM\AndroidManifest.xml:377:9-46
	android:windowSoftInputMode
		ADDED from cjwsjyM\AndroidManifest.xml:378:9-56
	android:theme
		ADDED from cjwsjyM\AndroidManifest.xml:379:9-73
	android:name
		ADDED from cjwsjyM\AndroidManifest.xml:376:9-44
activity#com.cjwsjy.app.vehicle.ActivityVehcilelogo
ADDED from cjwsjyM\AndroidManifest.xml:382:5-385:58
	android:screenOrientation
		ADDED from cjwsjyM\AndroidManifest.xml:384:9-45
	android:theme
		ADDED from cjwsjyM\AndroidManifest.xml:385:9-56
	android:name
		ADDED from cjwsjyM\AndroidManifest.xml:383:9-52
activity#com.cjwsjy.app.vehicle.MainUITabHostActivity
ADDED from cjwsjyM\AndroidManifest.xml:386:5-389:58
	android:screenOrientation
		ADDED from cjwsjyM\AndroidManifest.xml:388:9-45
	android:theme
		ADDED from cjwsjyM\AndroidManifest.xml:389:9-56
	android:name
		ADDED from cjwsjyM\AndroidManifest.xml:387:9-54
activity#com.cjwsjy.app.vehicle.vehileApplyActivity
ADDED from cjwsjyM\AndroidManifest.xml:390:5-394:59
	android:screenOrientation
		ADDED from cjwsjyM\AndroidManifest.xml:393:9-45
	android:windowSoftInputMode
		ADDED from cjwsjyM\AndroidManifest.xml:392:9-68
	android:theme
		ADDED from cjwsjyM\AndroidManifest.xml:394:9-56
	android:name
		ADDED from cjwsjyM\AndroidManifest.xml:391:9-52
activity#com.cjwsjy.app.vehicle.selectVehiltTypeActivity
ADDED from cjwsjyM\AndroidManifest.xml:395:5-398:59
	android:screenOrientation
		ADDED from cjwsjyM\AndroidManifest.xml:397:9-45
	android:theme
		ADDED from cjwsjyM\AndroidManifest.xml:398:9-56
	android:name
		ADDED from cjwsjyM\AndroidManifest.xml:396:9-57
activity#com.cjwsjy.app.vehicle.selectAddressActivity
ADDED from cjwsjyM\AndroidManifest.xml:399:5-401:57
	android:screenOrientation
		ADDED from cjwsjyM\AndroidManifest.xml:401:9-45
	android:name
		ADDED from cjwsjyM\AndroidManifest.xml:400:9-54
activity#com.cjwsjy.app.vehicle.selectAddress2Activity
ADDED from cjwsjyM\AndroidManifest.xml:402:5-405:68
	android:screenOrientation
		ADDED from cjwsjyM\AndroidManifest.xml:404:9-45
	android:theme
		ADDED from cjwsjyM\AndroidManifest.xml:405:9-56
	android:name
		ADDED from cjwsjyM\AndroidManifest.xml:403:9-55